<?xml version="1.0" encoding="UTF-8"?>
<!-- Generated by org.testng.reporters.JUnitXMLReporter -->
<testsuite ignored="0" hostname="DESKTOP-TK02SBH" failures="1" tests="1" name="Default test" time="61.695" errors="0" timestamp="2024-08-06T19:42:37 IST">
  <testcase classname="com.appium.CreateEventTest" name="createEventTest" time="45.856">
    <failure type="org.openqa.selenium.InvalidElementStateException" message="Cannot set the element to &amp;apos;This is a description&amp;apos;. Did you interact with the correct element?
Build info: version: &amp;apos;4.21.0&amp;apos;, revision: &amp;apos;79ed462ef4&amp;apos;
System info: os.name: &amp;apos;Windows 10&amp;apos;, os.arch: &amp;apos;amd64&amp;apos;, os.version: &amp;apos;10.0&amp;apos;, java.version: &amp;apos;22.0.1&amp;apos;
Driver info: io.appium.java_client.android.AndroidDriver
Command: [9490ece4-8a75-4eae-94f1-77fa55035337, sendKeysToElement {id=00000000-0000-029f-ffff-ffff000000eb, value=[Ljava.lang.CharSequence;@23eff5d1}]
Capabilities {appium:app: D:\GitRepos\Tabyt\src\test\..., appium:appPackage: com.tabytorganizer, appium:automationName: UIAutomator2, appium:chromedriverExecutable: D:\Downloads\chromes\chrome..., appium:databaseEnabled: false, appium:desired: {app: D:\GitRepos\Tabyt\src\test\..., automationName: UIAutomator2, chromedriverExecutable: D:\Downloads\chromes\chrome..., deviceName: Pixel 4a API 30, platformName: ANDROID}, appium:deviceApiLevel: 30, appium:deviceManufacturer: Google, appium:deviceModel: sdk_gphone_x86, appium:deviceName: emulator-5554, appium:deviceScreenDensity: 400, appium:deviceScreenSize: 1080x2160, appium:deviceUDID: emulator-5554, appium:javascriptEnabled: true, appium:locationContextEnabled: false, appium:networkConnectionEnabled: true, appium:pixelRatio: 2.5, appium:platformVersion: 11, appium:statBarHeight: 60, appium:takesScreenshot: true, appium:viewportRect: {height: 2100, left: 0, top: 60, width: 1080}, appium:warnings: {}, appium:webStorageEnabled: false, platformName: ANDROID}
Element: [[AndroidDriver:  on ANDROID (9490ece4-8a75-4eae-94f1-77fa55035337)] -&amp;gt; xpath: //android.widget.ScrollView/android.view.ViewGroup/android.view.ViewGroup/android.view.ViewGroup[2]/android.view.ViewGroup[1]/android.view.ViewGroup//child::android.webkit.WebView]
Session ID: 9490ece4-8a75-4eae-94f1-77fa55035337">
      <![CDATA[org.openqa.selenium.InvalidElementStateException: Cannot set the element to 'This is a description'. Did you interact with the correct element?
Build info: version: '4.21.0', revision: '79ed462ef4'
System info: os.name: 'Windows 10', os.arch: 'amd64', os.version: '10.0', java.version: '22.0.1'
Driver info: io.appium.java_client.android.AndroidDriver
Command: [9490ece4-8a75-4eae-94f1-77fa55035337, sendKeysToElement {id=00000000-0000-029f-ffff-ffff000000eb, value=[Ljava.lang.CharSequence;@23eff5d1}]
Capabilities {appium:app: D:\GitRepos\Tabyt\src\test\..., appium:appPackage: com.tabytorganizer, appium:automationName: UIAutomator2, appium:chromedriverExecutable: D:\Downloads\chromes\chrome..., appium:databaseEnabled: false, appium:desired: {app: D:\GitRepos\Tabyt\src\test\..., automationName: UIAutomator2, chromedriverExecutable: D:\Downloads\chromes\chrome..., deviceName: Pixel 4a API 30, platformName: ANDROID}, appium:deviceApiLevel: 30, appium:deviceManufacturer: Google, appium:deviceModel: sdk_gphone_x86, appium:deviceName: emulator-5554, appium:deviceScreenDensity: 400, appium:deviceScreenSize: 1080x2160, appium:deviceUDID: emulator-5554, appium:javascriptEnabled: true, appium:locationContextEnabled: false, appium:networkConnectionEnabled: true, appium:pixelRatio: 2.5, appium:platformVersion: 11, appium:statBarHeight: 60, appium:takesScreenshot: true, appium:viewportRect: {height: 2100, left: 0, top: 60, width: 1080}, appium:warnings: {}, appium:webStorageEnabled: false, platformName: ANDROID}
Element: [[AndroidDriver:  on ANDROID (9490ece4-8a75-4eae-94f1-77fa55035337)] -> xpath: //android.widget.ScrollView/android.view.ViewGroup/android.view.ViewGroup/android.view.ViewGroup[2]/android.view.ViewGroup[1]/android.view.ViewGroup//child::android.webkit.WebView]
Session ID: 9490ece4-8a75-4eae-94f1-77fa55035337
at java.base/jdk.internal.reflect.DirectConstructorHandleAccessor.newInstance(DirectConstructorHandleAccessor.java:62)
at java.base/java.lang.reflect.Constructor.newInstanceWithCaller(Constructor.java:502)
at java.base/java.lang.reflect.Constructor.newInstance(Constructor.java:486)
at org.openqa.selenium.remote.ErrorCodec.decode(ErrorCodec.java:167)
at org.openqa.selenium.remote.codec.w3c.W3CHttpResponseCodec.decode(W3CHttpResponseCodec.java:138)
at org.openqa.selenium.remote.codec.w3c.W3CHttpResponseCodec.decode(W3CHttpResponseCodec.java:50)
at org.openqa.selenium.remote.HttpCommandExecutor.execute(HttpCommandExecutor.java:190)
at io.appium.java_client.remote.AppiumCommandExecutor.execute(AppiumCommandExecutor.java:237)
at org.openqa.selenium.remote.RemoteWebDriver.execute(RemoteWebDriver.java:518)
at org.openqa.selenium.remote.RemoteWebElement.execute(RemoteWebElement.java:223)
at org.openqa.selenium.remote.RemoteWebElement.sendKeys(RemoteWebElement.java:110)
at java.base/jdk.internal.reflect.DirectMethodHandleAccessor.invoke(DirectMethodHandleAccessor.java:103)
at java.base/java.lang.reflect.Method.invoke(Method.java:580)
at io.appium.java_client.pagefactory.ElementInterceptor.getObject(ElementInterceptor.java:42)
at io.appium.java_client.pagefactory.interceptors.InterceptorOfASingleElement.call(InterceptorOfASingleElement.java:79)
at io.appium.java_client.proxy.Interceptor.intercept(Interceptor.java:78)
at org.openqa.selenium.remote.RemoteWebElement$ByteBuddy$iNjQ8Q6O.sendKeys(Unknown Source)
at pageLayer.CreateEvent.enterDescription(CreateEvent.java:154)
at com.appium.CreateEventTest.createEventTest(CreateEventTest.java:23)
at java.base/jdk.internal.reflect.DirectMethodHandleAccessor.invoke(DirectMethodHandleAccessor.java:103)
at java.base/java.lang.reflect.Method.invoke(Method.java:580)
at org.testng.internal.MethodInvocationHelper.invokeMethod(MethodInvocationHelper.java:133)
at org.testng.internal.TestInvoker.invokeMethod(TestInvoker.java:598)
at org.testng.internal.TestInvoker.invokeTestMethod(TestInvoker.java:173)
at org.testng.internal.MethodRunner.runInSequence(MethodRunner.java:46)
at org.testng.internal.TestInvoker$MethodInvocationAgent.invoke(TestInvoker.java:824)
at org.testng.internal.TestInvoker.invokeTestMethods(TestInvoker.java:146)
at org.testng.internal.TestMethodWorker.invokeTestMethods(TestMethodWorker.java:146)
at org.testng.internal.TestMethodWorker.run(TestMethodWorker.java:128)
at java.base/java.util.ArrayList.forEach(ArrayList.java:1597)
at org.testng.TestRunner.privateRun(TestRunner.java:794)
at org.testng.TestRunner.run(TestRunner.java:596)
at org.testng.SuiteRunner.runTest(SuiteRunner.java:377)
at org.testng.SuiteRunner.runSequentially(SuiteRunner.java:371)
at org.testng.SuiteRunner.privateRun(SuiteRunner.java:332)
at org.testng.SuiteRunner.run(SuiteRunner.java:276)
at org.testng.SuiteRunnerWorker.runSuite(SuiteRunnerWorker.java:53)
at org.testng.SuiteRunnerWorker.run(SuiteRunnerWorker.java:96)
at org.testng.TestNG.runSuitesSequentially(TestNG.java:1212)
at org.testng.TestNG.runSuitesLocally(TestNG.java:1134)
at org.testng.TestNG.runSuites(TestNG.java:1063)
at org.testng.TestNG.run(TestNG.java:1031)
at org.testng.remote.AbstractRemoteTestNG.run(AbstractRemoteTestNG.java:115)
at org.testng.remote.RemoteTestNG.initAndRun(RemoteTestNG.java:293)
at org.testng.remote.RemoteTestNG.main(RemoteTestNG.java:91)
]]>
    </failure>
  </testcase> <!-- createEventTest -->
</testsuite> <!-- Default test -->
