<?xml version="1.0" encoding="UTF-8"?>
<testng-results ignored="0" total="1" passed="0" failed="1" skipped="0">
  <reporter-output>
  </reporter-output>
  <suite started-at="2024-08-08T16:21:59 IST" name="Default suite" finished-at="2024-08-08T16:24:01 IST" duration-ms="122108">
    <groups>
    </groups>
    <test started-at="2024-08-08T16:21:59 IST" name="Default test" finished-at="2024-08-08T16:24:01 IST" duration-ms="122108">
      <class name="com.appium.CreateEventTest">
        <test-method is-config="true" signature="launchApplication()[pri:0, instance:com.appium.CreateEventTest@76b1e9b8]" started-at="2024-08-08T16:21:59 IST" name="launchApplication" finished-at="2024-08-08T16:22:14 IST" duration-ms="15422" status="PASS">
          <reporter-output>
          </reporter-output>
        </test-method> <!-- launchApplication -->
        <test-method signature="createEventTest()[pri:0, instance:com.appium.CreateEventTest@76b1e9b8]" started-at="2024-08-08T16:22:14 IST" name="createEventTest" finished-at="2024-08-08T16:24:01 IST" duration-ms="106637" status="FAIL">
          <exception class="org.openqa.selenium.TimeoutException">
            <message>
              <![CDATA[Expected condition failed: waiting for visibility of element located by By.xpath: //android.widget.TextView[@text="Publish Event"] (tried for 10 second(s) with 500 milliseconds interval)
Build info: version: '4.21.0', revision: '79ed462ef4'
System info: os.name: 'Windows 10', os.arch: 'amd64', os.version: '10.0', java.version: '22.0.1'
Driver info: io.appium.java_client.android.AndroidDriver
Capabilities {appium:app: D:\GitRepos\Tabyt\src\test\..., appium:appPackage: com.tabytorganizer, appium:automationName: UIAutomator2, appium:chromedriverExecutable: D:\Downloads\chromes\chrome..., appium:databaseEnabled: false, appium:desired: {app: D:\GitRepos\Tabyt\src\test\..., automationName: UIAutomator2, chromedriverExecutable: D:\Downloads\chromes\chrome..., deviceName: Pixel 4a API 30, platformName: ANDROID}, appium:deviceApiLevel: 33, appium:deviceManufacturer: Xiaomi, appium:deviceModel: 21061119BI, appium:deviceName: adb-8785d2b40509-ku7OUh._ad..., appium:deviceScreenDensity: 440, appium:deviceScreenSize: 1080x2400, appium:deviceUDID: adb-8785d2b40509-ku7OUh._ad..., appium:javascriptEnabled: true, appium:locationContextEnabled: false, appium:networkConnectionEnabled: true, appium:pixelRatio: 2.75, appium:platformVersion: 13, appium:statBarHeight: 103, appium:takesScreenshot: true, appium:viewportRect: {height: 2297, left: 0, top: 103, width: 1080}, appium:warnings: {}, appium:webStorageEnabled: false, platformName: ANDROID}
Session ID: 3ca616f9-9607-4729-8695-46b35396ccdb]]>
            </message>
            <full-stacktrace>
              <![CDATA[org.openqa.selenium.TimeoutException: Expected condition failed: waiting for visibility of element located by By.xpath: //android.widget.TextView[@text="Publish Event"] (tried for 10 second(s) with 500 milliseconds interval)
Build info: version: '4.21.0', revision: '79ed462ef4'
System info: os.name: 'Windows 10', os.arch: 'amd64', os.version: '10.0', java.version: '22.0.1'
Driver info: io.appium.java_client.android.AndroidDriver
Capabilities {appium:app: D:\GitRepos\Tabyt\src\test\..., appium:appPackage: com.tabytorganizer, appium:automationName: UIAutomator2, appium:chromedriverExecutable: D:\Downloads\chromes\chrome..., appium:databaseEnabled: false, appium:desired: {app: D:\GitRepos\Tabyt\src\test\..., automationName: UIAutomator2, chromedriverExecutable: D:\Downloads\chromes\chrome..., deviceName: Pixel 4a API 30, platformName: ANDROID}, appium:deviceApiLevel: 33, appium:deviceManufacturer: Xiaomi, appium:deviceModel: 21061119BI, appium:deviceName: adb-8785d2b40509-ku7OUh._ad..., appium:deviceScreenDensity: 440, appium:deviceScreenSize: 1080x2400, appium:deviceUDID: adb-8785d2b40509-ku7OUh._ad..., appium:javascriptEnabled: true, appium:locationContextEnabled: false, appium:networkConnectionEnabled: true, appium:pixelRatio: 2.75, appium:platformVersion: 13, appium:statBarHeight: 103, appium:takesScreenshot: true, appium:viewportRect: {height: 2297, left: 0, top: 103, width: 1080}, appium:warnings: {}, appium:webStorageEnabled: false, platformName: ANDROID}
Session ID: 3ca616f9-9607-4729-8695-46b35396ccdb
at org.openqa.selenium.support.ui.WebDriverWait.timeoutException(WebDriverWait.java:84)
at org.openqa.selenium.support.ui.FluentWait.until(FluentWait.java:228)
at utilities.UtilClass.waitTillVisible(UtilClass.java:157)
at pageLayer.CreateEvent.click_publish_Event(CreateEvent.java:403)
at com.appium.CreateEventTest.createEventTest(CreateEventTest.java:72)
at java.base/jdk.internal.reflect.DirectMethodHandleAccessor.invoke(DirectMethodHandleAccessor.java:103)
at java.base/java.lang.reflect.Method.invoke(Method.java:580)
at org.testng.internal.MethodInvocationHelper.invokeMethod(MethodInvocationHelper.java:133)
at org.testng.internal.TestInvoker.invokeMethod(TestInvoker.java:598)
at org.testng.internal.TestInvoker.invokeTestMethod(TestInvoker.java:173)
at org.testng.internal.MethodRunner.runInSequence(MethodRunner.java:46)
at org.testng.internal.TestInvoker$MethodInvocationAgent.invoke(TestInvoker.java:824)
at org.testng.internal.TestInvoker.invokeTestMethods(TestInvoker.java:146)
at org.testng.internal.TestMethodWorker.invokeTestMethods(TestMethodWorker.java:146)
at org.testng.internal.TestMethodWorker.run(TestMethodWorker.java:128)
at java.base/java.util.ArrayList.forEach(ArrayList.java:1597)
at org.testng.TestRunner.privateRun(TestRunner.java:794)
at org.testng.TestRunner.run(TestRunner.java:596)
at org.testng.SuiteRunner.runTest(SuiteRunner.java:377)
at org.testng.SuiteRunner.runSequentially(SuiteRunner.java:371)
at org.testng.SuiteRunner.privateRun(SuiteRunner.java:332)
at org.testng.SuiteRunner.run(SuiteRunner.java:276)
at org.testng.SuiteRunnerWorker.runSuite(SuiteRunnerWorker.java:53)
at org.testng.SuiteRunnerWorker.run(SuiteRunnerWorker.java:96)
at org.testng.TestNG.runSuitesSequentially(TestNG.java:1212)
at org.testng.TestNG.runSuitesLocally(TestNG.java:1134)
at org.testng.TestNG.runSuites(TestNG.java:1063)
at org.testng.TestNG.run(TestNG.java:1031)
at org.testng.remote.AbstractRemoteTestNG.run(AbstractRemoteTestNG.java:115)
at org.testng.remote.RemoteTestNG.initAndRun(RemoteTestNG.java:293)
at org.testng.remote.RemoteTestNG.main(RemoteTestNG.java:91)
]]>
            </full-stacktrace>
          </exception> <!-- org.openqa.selenium.TimeoutException -->
          <reporter-output>
          </reporter-output>
        </test-method> <!-- createEventTest -->
      </class> <!-- com.appium.CreateEventTest -->
    </test> <!-- Default test -->
  </suite> <!-- Default suite -->
</testng-results>
