<?xml version="1.0" encoding="UTF-8"?>
<testng-results ignored="0" total="1" passed="1" failed="0" skipped="0">
  <reporter-output>
  </reporter-output>
  <suite started-at="2024-08-05T14:45:22 IST" name="Default suite" finished-at="2024-08-05T14:45:54 IST" duration-ms="31475">
    <groups>
    </groups>
    <test started-at="2024-08-05T14:45:22 IST" name="Default test" finished-at="2024-08-05T14:45:54 IST" duration-ms="31475">
      <class name="com.appium.CreateEventTest">
        <test-method is-config="true" signature="launchApplication()[pri:0, instance:com.appium.CreateEventTest@1a6d8329]" started-at="2024-08-05T14:45:22 IST" name="launchApplication" finished-at="2024-08-05T14:45:36 IST" duration-ms="14335" status="PASS">
          <reporter-output>
          </reporter-output>
        </test-method> <!-- launchApplication -->
        <test-method signature="createEventTest()[pri:0, instance:com.appium.CreateEventTest@1a6d8329]" started-at="2024-08-05T14:45:36 IST" name="createEventTest" finished-at="2024-08-05T14:45:54 IST" duration-ms="17094" status="PASS">
          <reporter-output>
          </reporter-output>
        </test-method> <!-- createEventTest -->
      </class> <!-- com.appium.CreateEventTest -->
    </test> <!-- Default test -->
  </suite> <!-- Default suite -->
</testng-results>
